[INFO ][2019-04-03 20:10:23][HikariDataSource:<init>:80]: HikariPool-1 - Starting...
[ERROR][2019-04-03 20:10:23][HikariPool:throwPoolInitializationException:595]: HikariPool-1 - Exception during pool initialization.
java.sql.SQLException: The server time zone value 'Hora oficial do Brasil' is unrecognized or represents more than one time zone. You must configure either the server or JDBC driver (via the serverTimezone configuration property) to use a more specifc time zone value if you want to utilize time zone support.
	at mysql.connector.java@8.0.15/com.mysql.cj.jdbc.exceptions.SQLError.createSQLException(SQLError.java:129)
	at mysql.connector.java@8.0.15/com.mysql.cj.jdbc.exceptions.SQLError.createSQLException(SQLError.java:97)
	at mysql.connector.java@8.0.15/com.mysql.cj.jdbc.exceptions.SQLError.createSQLException(SQLError.java:89)
	at mysql.connector.java@8.0.15/com.mysql.cj.jdbc.exceptions.SQLError.createSQLException(SQLError.java:63)
	at mysql.connector.java@8.0.15/com.mysql.cj.jdbc.exceptions.SQLError.createSQLException(SQLError.java:73)
	at mysql.connector.java@8.0.15/com.mysql.cj.jdbc.exceptions.SQLExceptionsMapping.translateException(SQLExceptionsMapping.java:76)
	at mysql.connector.java@8.0.15/com.mysql.cj.jdbc.ConnectionImpl.createNewIO(ConnectionImpl.java:835)
	at mysql.connector.java@8.0.15/com.mysql.cj.jdbc.ConnectionImpl.<init>(ConnectionImpl.java:455)
	at mysql.connector.java@8.0.15/com.mysql.cj.jdbc.ConnectionImpl.getInstance(ConnectionImpl.java:240)
	at mysql.connector.java@8.0.15/com.mysql.cj.jdbc.NonRegisteringDriver.connect(NonRegisteringDriver.java:199)
	at com.zaxxer.hikari@3.3.1/com.zaxxer.hikari.util.DriverDataSource.getConnection(DriverDataSource.java:121)
	at com.zaxxer.hikari@3.3.1/com.zaxxer.hikari.pool.PoolBase.newConnection(PoolBase.java:353)
	at com.zaxxer.hikari@3.3.1/com.zaxxer.hikari.pool.PoolBase.newPoolEntry(PoolBase.java:201)
	at com.zaxxer.hikari@3.3.1/com.zaxxer.hikari.pool.HikariPool.createPoolEntry(HikariPool.java:473)
	at com.zaxxer.hikari@3.3.1/com.zaxxer.hikari.pool.HikariPool.checkFailFast(HikariPool.java:562)
	at com.zaxxer.hikari@3.3.1/com.zaxxer.hikari.pool.HikariPool.<init>(HikariPool.java:115)
	at com.zaxxer.hikari@3.3.1/com.zaxxer.hikari.HikariDataSource.<init>(HikariDataSource.java:81)
	at org.l2j.commons/org.l2j.commons.database.DatabaseFactory.<init>(DatabaseFactory.java:20)
	at org.l2j.commons/org.l2j.commons.database.DatabaseFactory.getInstance(DatabaseFactory.java:35)
	at org.l2j.commons/org.l2j.commons.database.JDBCInvocation.invoke(JDBCInvocation.java:34)
	at jdk.proxy1/com.sun.proxy.jdk.proxy1.$Proxy25.findAll(Unknown Source)
	at org.l2j.authserver/org.l2j.authserver.controller.GameServerManager.loadRegisteredGameServers(GameServerManager.java:60)
	at org.l2j.authserver/org.l2j.authserver.controller.GameServerManager.<init>(GameServerManager.java:43)
	at org.l2j.authserver/org.l2j.authserver.controller.GameServerManager.load(GameServerManager.java:37)
	at org.l2j.authserver/org.l2j.authserver.AuthServer.<init>(AuthServer.java:36)
	at org.l2j.authserver/org.l2j.authserver.AuthServer.main(AuthServer.java:62)
Caused by: com.mysql.cj.exceptions.InvalidConnectionAttributeException: The server time zone value 'Hora oficial do Brasil' is unrecognized or represents more than one time zone. You must configure either the server or JDBC driver (via the serverTimezone configuration property) to use a more specifc time zone value if you want to utilize time zone support.
	at java.base/jdk.internal.reflect.NativeConstructorAccessorImpl.newInstance0(Native Method)
	at java.base/jdk.internal.reflect.NativeConstructorAccessorImpl.newInstance(NativeConstructorAccessorImpl.java:62)
	at java.base/jdk.internal.reflect.DelegatingConstructorAccessorImpl.newInstance(DelegatingConstructorAccessorImpl.java:45)
	at java.base/java.lang.reflect.Constructor.newInstanceWithCaller(Constructor.java:500)
	at java.base/java.lang.reflect.Constructor.newInstance(Constructor.java:481)
	at mysql.connector.java@8.0.15/com.mysql.cj.exceptions.ExceptionFactory.createException(ExceptionFactory.java:61)
	at mysql.connector.java@8.0.15/com.mysql.cj.exceptions.ExceptionFactory.createException(ExceptionFactory.java:85)
	at mysql.connector.java@8.0.15/com.mysql.cj.util.TimeUtil.getCanonicalTimezone(TimeUtil.java:132)
	at mysql.connector.java@8.0.15/com.mysql.cj.protocol.a.NativeProtocol.configureTimezone(NativeProtocol.java:2241)
	at mysql.connector.java@8.0.15/com.mysql.cj.protocol.a.NativeProtocol.initServerSession(NativeProtocol.java:2265)
	at mysql.connector.java@8.0.15/com.mysql.cj.jdbc.ConnectionImpl.initializePropsFromServer(ConnectionImpl.java:1319)
	at mysql.connector.java@8.0.15/com.mysql.cj.jdbc.ConnectionImpl.connectOneTryOnly(ConnectionImpl.java:966)
	at mysql.connector.java@8.0.15/com.mysql.cj.jdbc.ConnectionImpl.createNewIO(ConnectionImpl.java:825)
	... 19 more
[INFO ][2019-04-03 20:11:04][HikariDataSource:<init>:80]: HikariPool-1 - Starting...
[ERROR][2019-04-03 20:11:04][HikariPool:throwPoolInitializationException:595]: HikariPool-1 - Exception during pool initialization.
java.sql.SQLException: The server time zone value 'Hora oficial do Brasil' is unrecognized or represents more than one time zone. You must configure either the server or JDBC driver (via the serverTimezone configuration property) to use a more specifc time zone value if you want to utilize time zone support.
	at mysql.connector.java@8.0.15/com.mysql.cj.jdbc.exceptions.SQLError.createSQLException(SQLError.java:129)
	at mysql.connector.java@8.0.15/com.mysql.cj.jdbc.exceptions.SQLError.createSQLException(SQLError.java:97)
	at mysql.connector.java@8.0.15/com.mysql.cj.jdbc.exceptions.SQLError.createSQLException(SQLError.java:89)
	at mysql.connector.java@8.0.15/com.mysql.cj.jdbc.exceptions.SQLError.createSQLException(SQLError.java:63)
	at mysql.connector.java@8.0.15/com.mysql.cj.jdbc.exceptions.SQLError.createSQLException(SQLError.java:73)
	at mysql.connector.java@8.0.15/com.mysql.cj.jdbc.exceptions.SQLExceptionsMapping.translateException(SQLExceptionsMapping.java:76)
	at mysql.connector.java@8.0.15/com.mysql.cj.jdbc.ConnectionImpl.createNewIO(ConnectionImpl.java:835)
	at mysql.connector.java@8.0.15/com.mysql.cj.jdbc.ConnectionImpl.<init>(ConnectionImpl.java:455)
	at mysql.connector.java@8.0.15/com.mysql.cj.jdbc.ConnectionImpl.getInstance(ConnectionImpl.java:240)
	at mysql.connector.java@8.0.15/com.mysql.cj.jdbc.NonRegisteringDriver.connect(NonRegisteringDriver.java:199)
	at com.zaxxer.hikari@3.3.1/com.zaxxer.hikari.util.DriverDataSource.getConnection(DriverDataSource.java:121)
	at com.zaxxer.hikari@3.3.1/com.zaxxer.hikari.pool.PoolBase.newConnection(PoolBase.java:353)
	at com.zaxxer.hikari@3.3.1/com.zaxxer.hikari.pool.PoolBase.newPoolEntry(PoolBase.java:201)
	at com.zaxxer.hikari@3.3.1/com.zaxxer.hikari.pool.HikariPool.createPoolEntry(HikariPool.java:473)
	at com.zaxxer.hikari@3.3.1/com.zaxxer.hikari.pool.HikariPool.checkFailFast(HikariPool.java:562)
	at com.zaxxer.hikari@3.3.1/com.zaxxer.hikari.pool.HikariPool.<init>(HikariPool.java:115)
	at com.zaxxer.hikari@3.3.1/com.zaxxer.hikari.HikariDataSource.<init>(HikariDataSource.java:81)
	at org.l2j.commons/org.l2j.commons.database.DatabaseFactory.<init>(DatabaseFactory.java:20)
	at org.l2j.commons/org.l2j.commons.database.DatabaseFactory.getInstance(DatabaseFactory.java:35)
	at org.l2j.commons/org.l2j.commons.database.JDBCInvocation.invoke(JDBCInvocation.java:34)
	at jdk.proxy1/com.sun.proxy.jdk.proxy1.$Proxy25.findAll(Unknown Source)
	at org.l2j.authserver/org.l2j.authserver.controller.GameServerManager.loadRegisteredGameServers(GameServerManager.java:60)
	at org.l2j.authserver/org.l2j.authserver.controller.GameServerManager.<init>(GameServerManager.java:43)
	at org.l2j.authserver/org.l2j.authserver.controller.GameServerManager.load(GameServerManager.java:37)
	at org.l2j.authserver/org.l2j.authserver.AuthServer.<init>(AuthServer.java:36)
	at org.l2j.authserver/org.l2j.authserver.AuthServer.main(AuthServer.java:62)
Caused by: com.mysql.cj.exceptions.InvalidConnectionAttributeException: The server time zone value 'Hora oficial do Brasil' is unrecognized or represents more than one time zone. You must configure either the server or JDBC driver (via the serverTimezone configuration property) to use a more specifc time zone value if you want to utilize time zone support.
	at java.base/jdk.internal.reflect.NativeConstructorAccessorImpl.newInstance0(Native Method)
	at java.base/jdk.internal.reflect.NativeConstructorAccessorImpl.newInstance(NativeConstructorAccessorImpl.java:62)
	at java.base/jdk.internal.reflect.DelegatingConstructorAccessorImpl.newInstance(DelegatingConstructorAccessorImpl.java:45)
	at java.base/java.lang.reflect.Constructor.newInstanceWithCaller(Constructor.java:500)
	at java.base/java.lang.reflect.Constructor.newInstance(Constructor.java:481)
	at mysql.connector.java@8.0.15/com.mysql.cj.exceptions.ExceptionFactory.createException(ExceptionFactory.java:61)
	at mysql.connector.java@8.0.15/com.mysql.cj.exceptions.ExceptionFactory.createException(ExceptionFactory.java:85)
	at mysql.connector.java@8.0.15/com.mysql.cj.util.TimeUtil.getCanonicalTimezone(TimeUtil.java:132)
	at mysql.connector.java@8.0.15/com.mysql.cj.protocol.a.NativeProtocol.configureTimezone(NativeProtocol.java:2241)
	at mysql.connector.java@8.0.15/com.mysql.cj.protocol.a.NativeProtocol.initServerSession(NativeProtocol.java:2265)
	at mysql.connector.java@8.0.15/com.mysql.cj.jdbc.ConnectionImpl.initializePropsFromServer(ConnectionImpl.java:1319)
	at mysql.connector.java@8.0.15/com.mysql.cj.jdbc.ConnectionImpl.connectOneTryOnly(ConnectionImpl.java:966)
	at mysql.connector.java@8.0.15/com.mysql.cj.jdbc.ConnectionImpl.createNewIO(ConnectionImpl.java:825)
	... 19 more
[INFO ][2019-04-03 20:12:55][HikariDataSource:<init>:80]: HikariPool-1 - Starting...
[ERROR][2019-04-03 20:12:55][HikariPool:throwPoolInitializationException:595]: HikariPool-1 - Exception during pool initialization.
java.sql.SQLException: No timezone mapping entry for 'utc-3'
	at mysql.connector.java@8.0.15/com.mysql.cj.jdbc.exceptions.SQLError.createSQLException(SQLError.java:129)
	at mysql.connector.java@8.0.15/com.mysql.cj.jdbc.exceptions.SQLError.createSQLException(SQLError.java:97)
	at mysql.connector.java@8.0.15/com.mysql.cj.jdbc.exceptions.SQLError.createSQLException(SQLError.java:89)
	at mysql.connector.java@8.0.15/com.mysql.cj.jdbc.exceptions.SQLError.createSQLException(SQLError.java:63)
	at mysql.connector.java@8.0.15/com.mysql.cj.jdbc.exceptions.SQLError.createSQLException(SQLError.java:73)
	at mysql.connector.java@8.0.15/com.mysql.cj.jdbc.exceptions.SQLExceptionsMapping.translateException(SQLExceptionsMapping.java:85)
	at mysql.connector.java@8.0.15/com.mysql.cj.jdbc.ConnectionImpl.createNewIO(ConnectionImpl.java:835)
	at mysql.connector.java@8.0.15/com.mysql.cj.jdbc.ConnectionImpl.<init>(ConnectionImpl.java:455)
	at mysql.connector.java@8.0.15/com.mysql.cj.jdbc.ConnectionImpl.getInstance(ConnectionImpl.java:240)
	at mysql.connector.java@8.0.15/com.mysql.cj.jdbc.NonRegisteringDriver.connect(NonRegisteringDriver.java:199)
	at com.zaxxer.hikari@3.3.1/com.zaxxer.hikari.util.DriverDataSource.getConnection(DriverDataSource.java:121)
	at com.zaxxer.hikari@3.3.1/com.zaxxer.hikari.pool.PoolBase.newConnection(PoolBase.java:353)
	at com.zaxxer.hikari@3.3.1/com.zaxxer.hikari.pool.PoolBase.newPoolEntry(PoolBase.java:201)
	at com.zaxxer.hikari@3.3.1/com.zaxxer.hikari.pool.HikariPool.createPoolEntry(HikariPool.java:473)
	at com.zaxxer.hikari@3.3.1/com.zaxxer.hikari.pool.HikariPool.checkFailFast(HikariPool.java:562)
	at com.zaxxer.hikari@3.3.1/com.zaxxer.hikari.pool.HikariPool.<init>(HikariPool.java:115)
	at com.zaxxer.hikari@3.3.1/com.zaxxer.hikari.HikariDataSource.<init>(HikariDataSource.java:81)
	at org.l2j.commons/org.l2j.commons.database.DatabaseFactory.<init>(DatabaseFactory.java:20)
	at org.l2j.commons/org.l2j.commons.database.DatabaseFactory.getInstance(DatabaseFactory.java:35)
	at org.l2j.commons/org.l2j.commons.database.JDBCInvocation.invoke(JDBCInvocation.java:34)
	at jdk.proxy1/com.sun.proxy.jdk.proxy1.$Proxy25.findAll(Unknown Source)
	at org.l2j.authserver/org.l2j.authserver.controller.GameServerManager.loadRegisteredGameServers(GameServerManager.java:60)
	at org.l2j.authserver/org.l2j.authserver.controller.GameServerManager.<init>(GameServerManager.java:43)
	at org.l2j.authserver/org.l2j.authserver.controller.GameServerManager.load(GameServerManager.java:37)
	at org.l2j.authserver/org.l2j.authserver.AuthServer.<init>(AuthServer.java:36)
	at org.l2j.authserver/org.l2j.authserver.AuthServer.main(AuthServer.java:62)
Caused by: com.mysql.cj.exceptions.WrongArgumentException: No timezone mapping entry for 'utc-3'
	at java.base/jdk.internal.reflect.NativeConstructorAccessorImpl.newInstance0(Native Method)
	at java.base/jdk.internal.reflect.NativeConstructorAccessorImpl.newInstance(NativeConstructorAccessorImpl.java:62)
	at java.base/jdk.internal.reflect.DelegatingConstructorAccessorImpl.newInstance(DelegatingConstructorAccessorImpl.java:45)
	at java.base/java.lang.reflect.Constructor.newInstanceWithCaller(Constructor.java:500)
	at java.base/java.lang.reflect.Constructor.newInstance(Constructor.java:481)
	at mysql.connector.java@8.0.15/com.mysql.cj.exceptions.ExceptionFactory.createException(ExceptionFactory.java:61)
	at mysql.connector.java@8.0.15/com.mysql.cj.exceptions.ExceptionFactory.createException(ExceptionFactory.java:85)
	at mysql.connector.java@8.0.15/com.mysql.cj.protocol.a.NativeProtocol.configureTimezone(NativeProtocol.java:2255)
	at mysql.connector.java@8.0.15/com.mysql.cj.protocol.a.NativeProtocol.initServerSession(NativeProtocol.java:2265)
	at mysql.connector.java@8.0.15/com.mysql.cj.jdbc.ConnectionImpl.initializePropsFromServer(ConnectionImpl.java:1319)
	at mysql.connector.java@8.0.15/com.mysql.cj.jdbc.ConnectionImpl.connectOneTryOnly(ConnectionImpl.java:966)
	at mysql.connector.java@8.0.15/com.mysql.cj.jdbc.ConnectionImpl.createNewIO(ConnectionImpl.java:825)
	... 19 more
[INFO ][2019-04-03 20:13:18][HikariDataSource:<init>:80]: HikariPool-1 - Starting...
[ERROR][2019-04-03 20:13:18][HikariPool:throwPoolInitializationException:595]: HikariPool-1 - Exception during pool initialization.
java.sql.SQLException: No timezone mapping entry for 'utc'
	at mysql.connector.java@8.0.15/com.mysql.cj.jdbc.exceptions.SQLError.createSQLException(SQLError.java:129)
	at mysql.connector.java@8.0.15/com.mysql.cj.jdbc.exceptions.SQLError.createSQLException(SQLError.java:97)
	at mysql.connector.java@8.0.15/com.mysql.cj.jdbc.exceptions.SQLError.createSQLException(SQLError.java:89)
	at mysql.connector.java@8.0.15/com.mysql.cj.jdbc.exceptions.SQLError.createSQLException(SQLError.java:63)
	at mysql.connector.java@8.0.15/com.mysql.cj.jdbc.exceptions.SQLError.createSQLException(SQLError.java:73)
	at mysql.connector.java@8.0.15/com.mysql.cj.jdbc.exceptions.SQLExceptionsMapping.translateException(SQLExceptionsMapping.java:85)
	at mysql.connector.java@8.0.15/com.mysql.cj.jdbc.ConnectionImpl.createNewIO(ConnectionImpl.java:835)
	at mysql.connector.java@8.0.15/com.mysql.cj.jdbc.ConnectionImpl.<init>(ConnectionImpl.java:455)
	at mysql.connector.java@8.0.15/com.mysql.cj.jdbc.ConnectionImpl.getInstance(ConnectionImpl.java:240)
	at mysql.connector.java@8.0.15/com.mysql.cj.jdbc.NonRegisteringDriver.connect(NonRegisteringDriver.java:199)
	at com.zaxxer.hikari@3.3.1/com.zaxxer.hikari.util.DriverDataSource.getConnection(DriverDataSource.java:121)
	at com.zaxxer.hikari@3.3.1/com.zaxxer.hikari.pool.PoolBase.newConnection(PoolBase.java:353)
	at com.zaxxer.hikari@3.3.1/com.zaxxer.hikari.pool.PoolBase.newPoolEntry(PoolBase.java:201)
	at com.zaxxer.hikari@3.3.1/com.zaxxer.hikari.pool.HikariPool.createPoolEntry(HikariPool.java:473)
	at com.zaxxer.hikari@3.3.1/com.zaxxer.hikari.pool.HikariPool.checkFailFast(HikariPool.java:562)
	at com.zaxxer.hikari@3.3.1/com.zaxxer.hikari.pool.HikariPool.<init>(HikariPool.java:115)
	at com.zaxxer.hikari@3.3.1/com.zaxxer.hikari.HikariDataSource.<init>(HikariDataSource.java:81)
	at org.l2j.commons/org.l2j.commons.database.DatabaseFactory.<init>(DatabaseFactory.java:20)
	at org.l2j.commons/org.l2j.commons.database.DatabaseFactory.getInstance(DatabaseFactory.java:35)
	at org.l2j.commons/org.l2j.commons.database.JDBCInvocation.invoke(JDBCInvocation.java:34)
	at jdk.proxy1/com.sun.proxy.jdk.proxy1.$Proxy25.findAll(Unknown Source)
	at org.l2j.authserver/org.l2j.authserver.controller.GameServerManager.loadRegisteredGameServers(GameServerManager.java:60)
	at org.l2j.authserver/org.l2j.authserver.controller.GameServerManager.<init>(GameServerManager.java:43)
	at org.l2j.authserver/org.l2j.authserver.controller.GameServerManager.load(GameServerManager.java:37)
	at org.l2j.authserver/org.l2j.authserver.AuthServer.<init>(AuthServer.java:36)
	at org.l2j.authserver/org.l2j.authserver.AuthServer.main(AuthServer.java:62)
Caused by: com.mysql.cj.exceptions.WrongArgumentException: No timezone mapping entry for 'utc'
	at java.base/jdk.internal.reflect.NativeConstructorAccessorImpl.newInstance0(Native Method)
	at java.base/jdk.internal.reflect.NativeConstructorAccessorImpl.newInstance(NativeConstructorAccessorImpl.java:62)
	at java.base/jdk.internal.reflect.DelegatingConstructorAccessorImpl.newInstance(DelegatingConstructorAccessorImpl.java:45)
	at java.base/java.lang.reflect.Constructor.newInstanceWithCaller(Constructor.java:500)
	at java.base/java.lang.reflect.Constructor.newInstance(Constructor.java:481)
	at mysql.connector.java@8.0.15/com.mysql.cj.exceptions.ExceptionFactory.createException(ExceptionFactory.java:61)
	at mysql.connector.java@8.0.15/com.mysql.cj.exceptions.ExceptionFactory.createException(ExceptionFactory.java:85)
	at mysql.connector.java@8.0.15/com.mysql.cj.protocol.a.NativeProtocol.configureTimezone(NativeProtocol.java:2255)
	at mysql.connector.java@8.0.15/com.mysql.cj.protocol.a.NativeProtocol.initServerSession(NativeProtocol.java:2265)
	at mysql.connector.java@8.0.15/com.mysql.cj.jdbc.ConnectionImpl.initializePropsFromServer(ConnectionImpl.java:1319)
	at mysql.connector.java@8.0.15/com.mysql.cj.jdbc.ConnectionImpl.connectOneTryOnly(ConnectionImpl.java:966)
	at mysql.connector.java@8.0.15/com.mysql.cj.jdbc.ConnectionImpl.createNewIO(ConnectionImpl.java:825)
	... 19 more
[INFO ][2019-04-03 20:13:42][HikariDataSource:<init>:80]: HikariPool-1 - Starting...
[INFO ][2019-04-03 20:13:43][HikariDataSource:<init>:82]: HikariPool-1 - Start completed.
[INFO ][2019-04-03 20:24:52][HikariDataSource:<init>:80]: HikariPool-1 - Starting...
[INFO ][2019-04-03 20:24:52][HikariDataSource:<init>:82]: HikariPool-1 - Start completed.
[INFO ][2019-04-03 20:54:32][HikariDataSource:<init>:80]: HikariPool-1 - Starting...
[INFO ][2019-04-03 20:54:33][HikariDataSource:<init>:82]: HikariPool-1 - Start completed.
[INFO ][2019-04-03 20:58:20][HikariDataSource:<init>:80]: HikariPool-1 - Starting...
[INFO ][2019-04-03 20:58:21][HikariDataSource:<init>:82]: HikariPool-1 - Start completed.
[INFO ][2019-04-03 21:04:37][HikariDataSource:<init>:80]: HikariPool-1 - Starting...
[INFO ][2019-04-03 21:04:37][HikariDataSource:<init>:82]: HikariPool-1 - Start completed.
[INFO ][2019-04-03 21:11:27][HikariDataSource:<init>:80]: HikariPool-1 - Starting...
[INFO ][2019-04-03 21:11:27][HikariDataSource:<init>:82]: HikariPool-1 - Start completed.
[WARN ][2019-04-03 21:17:59][HikariPool:run:787]: HikariPool-1 - Thread starvation or clock leap detected (housekeeper delta=1m277ms187탎90ns).
[WARN ][2019-04-03 21:18:49][HikariPool:run:787]: HikariPool-1 - Thread starvation or clock leap detected (housekeeper delta=50s62ms759탎55ns).
[WARN ][2019-04-03 21:21:52][HikariPool:run:787]: HikariPool-1 - Thread starvation or clock leap detected (housekeeper delta=58s147ms855탎753ns).
[WARN ][2019-04-03 21:22:56][HikariPool:run:787]: HikariPool-1 - Thread starvation or clock leap detected (housekeeper delta=1m4s234ms212탎626ns).
[INFO ][2019-04-03 21:27:35][HikariDataSource:<init>:80]: HikariPool-1 - Starting...
[INFO ][2019-04-03 21:27:36][HikariDataSource:<init>:82]: HikariPool-1 - Start completed.
[INFO ][2019-04-03 21:31:26][HikariDataSource:<init>:80]: HikariPool-1 - Starting...
[INFO ][2019-04-03 21:31:26][HikariDataSource:<init>:82]: HikariPool-1 - Start completed.
[INFO ][2019-04-03 21:32:36][HikariDataSource:<init>:80]: HikariPool-1 - Starting...
[INFO ][2019-04-03 21:32:36][HikariDataSource:<init>:82]: HikariPool-1 - Start completed.
[INFO ][2019-04-09 14:55:00][HikariDataSource:<init>:80]: HikariPool-1 - Starting...
[ERROR][2019-04-09 14:55:01][HikariPool:throwPoolInitializationException:595]: HikariPool-1 - Exception during pool initialization.
java.sql.SQLNonTransientConnectionException: CLIENT_PLUGIN_AUTH is required
	at mysql.connector.java@8.0.15/com.mysql.cj.jdbc.exceptions.SQLError.createSQLException(SQLError.java:110)
	at mysql.connector.java@8.0.15/com.mysql.cj.jdbc.exceptions.SQLError.createSQLException(SQLError.java:97)
	at mysql.connector.java@8.0.15/com.mysql.cj.jdbc.exceptions.SQLError.createSQLException(SQLError.java:89)
	at mysql.connector.java@8.0.15/com.mysql.cj.jdbc.exceptions.SQLError.createSQLException(SQLError.java:63)
	at mysql.connector.java@8.0.15/com.mysql.cj.jdbc.exceptions.SQLError.createSQLException(SQLError.java:73)
	at mysql.connector.java@8.0.15/com.mysql.cj.jdbc.exceptions.SQLExceptionsMapping.translateException(SQLExceptionsMapping.java:79)
	at mysql.connector.java@8.0.15/com.mysql.cj.jdbc.ConnectionImpl.createNewIO(ConnectionImpl.java:835)
	at mysql.connector.java@8.0.15/com.mysql.cj.jdbc.ConnectionImpl.<init>(ConnectionImpl.java:455)
	at mysql.connector.java@8.0.15/com.mysql.cj.jdbc.ConnectionImpl.getInstance(ConnectionImpl.java:240)
	at mysql.connector.java@8.0.15/com.mysql.cj.jdbc.NonRegisteringDriver.connect(NonRegisteringDriver.java:199)
	at com.zaxxer.hikari@3.3.1/com.zaxxer.hikari.util.DriverDataSource.getConnection(DriverDataSource.java:121)
	at com.zaxxer.hikari@3.3.1/com.zaxxer.hikari.pool.PoolBase.newConnection(PoolBase.java:353)
	at com.zaxxer.hikari@3.3.1/com.zaxxer.hikari.pool.PoolBase.newPoolEntry(PoolBase.java:201)
	at com.zaxxer.hikari@3.3.1/com.zaxxer.hikari.pool.HikariPool.createPoolEntry(HikariPool.java:473)
	at com.zaxxer.hikari@3.3.1/com.zaxxer.hikari.pool.HikariPool.checkFailFast(HikariPool.java:562)
	at com.zaxxer.hikari@3.3.1/com.zaxxer.hikari.pool.HikariPool.<init>(HikariPool.java:115)
	at com.zaxxer.hikari@3.3.1/com.zaxxer.hikari.HikariDataSource.<init>(HikariDataSource.java:81)
	at org.l2j.commons/org.l2j.commons.database.DatabaseFactory.<init>(DatabaseFactory.java:20)
	at org.l2j.commons/org.l2j.commons.database.DatabaseFactory.getInstance(DatabaseFactory.java:35)
	at org.l2j.commons/org.l2j.commons.database.JDBCInvocation.invoke(JDBCInvocation.java:47)
	at jdk.proxy1/com.sun.proxy.jdk.proxy1.$Proxy25.findAll(Unknown Source)
	at org.l2j.authserver/org.l2j.authserver.controller.GameServerManager.loadRegisteredGameServers(GameServerManager.java:64)
	at org.l2j.authserver/org.l2j.authserver.controller.GameServerManager.load(GameServerManager.java:42)
	at org.l2j.authserver/org.l2j.authserver.controller.GameServerManager.<init>(GameServerManager.java:37)
	at org.l2j.authserver/org.l2j.authserver.controller.GameServerManager$Singleton.<clinit>(GameServerManager.java:138)
	at org.l2j.authserver/org.l2j.authserver.controller.GameServerManager.getInstance(GameServerManager.java:130)
	at org.l2j.authserver/org.l2j.authserver.AuthServer.<init>(AuthServer.java:36)
	at org.l2j.authserver/org.l2j.authserver.AuthServer.main(AuthServer.java:62)
Caused by: com.mysql.cj.exceptions.UnableToConnectException: CLIENT_PLUGIN_AUTH is required
	at java.base/jdk.internal.reflect.NativeConstructorAccessorImpl.newInstance0(Native Method)
	at java.base/jdk.internal.reflect.NativeConstructorAccessorImpl.newInstance(NativeConstructorAccessorImpl.java:62)
	at java.base/jdk.internal.reflect.DelegatingConstructorAccessorImpl.newInstance(DelegatingConstructorAccessorImpl.java:45)
	at java.base/java.lang.reflect.Constructor.newInstanceWithCaller(Constructor.java:500)
	at java.base/java.lang.reflect.Constructor.newInstance(Constructor.java:481)
	at mysql.connector.java@8.0.15/com.mysql.cj.exceptions.ExceptionFactory.createException(ExceptionFactory.java:61)
	at mysql.connector.java@8.0.15/com.mysql.cj.exceptions.ExceptionFactory.createException(ExceptionFactory.java:85)
	at mysql.connector.java@8.0.15/com.mysql.cj.protocol.a.NativeAuthenticationProvider.connect(NativeAuthenticationProvider.java:205)
	at mysql.connector.java@8.0.15/com.mysql.cj.protocol.a.NativeProtocol.connect(NativeProtocol.java:1449)
	at mysql.connector.java@8.0.15/com.mysql.cj.NativeSession.connect(NativeSession.java:165)
	at mysql.connector.java@8.0.15/com.mysql.cj.jdbc.ConnectionImpl.connectOneTryOnly(ConnectionImpl.java:955)
	at mysql.connector.java@8.0.15/com.mysql.cj.jdbc.ConnectionImpl.createNewIO(ConnectionImpl.java:825)
	... 21 more
[INFO ][2019-04-09 14:58:58][HikariDataSource:<init>:80]: HikariPool-1 - Starting...
[ERROR][2019-04-09 14:58:59][HikariPool:throwPoolInitializationException:595]: HikariPool-1 - Exception during pool initialization.
java.sql.SQLNonTransientConnectionException: CLIENT_PLUGIN_AUTH is required
	at mysql.connector.java@8.0.15/com.mysql.cj.jdbc.exceptions.SQLError.createSQLException(SQLError.java:110)
	at mysql.connector.java@8.0.15/com.mysql.cj.jdbc.exceptions.SQLError.createSQLException(SQLError.java:97)
	at mysql.connector.java@8.0.15/com.mysql.cj.jdbc.exceptions.SQLError.createSQLException(SQLError.java:89)
	at mysql.connector.java@8.0.15/com.mysql.cj.jdbc.exceptions.SQLError.createSQLException(SQLError.java:63)
	at mysql.connector.java@8.0.15/com.mysql.cj.jdbc.exceptions.SQLError.createSQLException(SQLError.java:73)
	at mysql.connector.java@8.0.15/com.mysql.cj.jdbc.exceptions.SQLExceptionsMapping.translateException(SQLExceptionsMapping.java:79)
	at mysql.connector.java@8.0.15/com.mysql.cj.jdbc.ConnectionImpl.createNewIO(ConnectionImpl.java:835)
	at mysql.connector.java@8.0.15/com.mysql.cj.jdbc.ConnectionImpl.<init>(ConnectionImpl.java:455)
	at mysql.connector.java@8.0.15/com.mysql.cj.jdbc.ConnectionImpl.getInstance(ConnectionImpl.java:240)
	at mysql.connector.java@8.0.15/com.mysql.cj.jdbc.NonRegisteringDriver.connect(NonRegisteringDriver.java:199)
	at com.zaxxer.hikari@3.3.1/com.zaxxer.hikari.util.DriverDataSource.getConnection(DriverDataSource.java:121)
	at com.zaxxer.hikari@3.3.1/com.zaxxer.hikari.pool.PoolBase.newConnection(PoolBase.java:353)
	at com.zaxxer.hikari@3.3.1/com.zaxxer.hikari.pool.PoolBase.newPoolEntry(PoolBase.java:201)
	at com.zaxxer.hikari@3.3.1/com.zaxxer.hikari.pool.HikariPool.createPoolEntry(HikariPool.java:473)
	at com.zaxxer.hikari@3.3.1/com.zaxxer.hikari.pool.HikariPool.checkFailFast(HikariPool.java:562)
	at com.zaxxer.hikari@3.3.1/com.zaxxer.hikari.pool.HikariPool.<init>(HikariPool.java:115)
	at com.zaxxer.hikari@3.3.1/com.zaxxer.hikari.HikariDataSource.<init>(HikariDataSource.java:81)
	at org.l2j.commons/org.l2j.commons.database.DatabaseFactory.<init>(DatabaseFactory.java:20)
	at org.l2j.commons/org.l2j.commons.database.DatabaseFactory.getInstance(DatabaseFactory.java:35)
	at org.l2j.commons/org.l2j.commons.database.JDBCInvocation.invoke(JDBCInvocation.java:47)
	at jdk.proxy1/com.sun.proxy.jdk.proxy1.$Proxy25.findAll(Unknown Source)
	at org.l2j.authserver/org.l2j.authserver.controller.GameServerManager.loadRegisteredGameServers(GameServerManager.java:64)
	at org.l2j.authserver/org.l2j.authserver.controller.GameServerManager.load(GameServerManager.java:42)
	at org.l2j.authserver/org.l2j.authserver.controller.GameServerManager.<init>(GameServerManager.java:37)
	at org.l2j.authserver/org.l2j.authserver.controller.GameServerManager$Singleton.<clinit>(GameServerManager.java:138)
	at org.l2j.authserver/org.l2j.authserver.controller.GameServerManager.getInstance(GameServerManager.java:130)
	at org.l2j.authserver/org.l2j.authserver.AuthServer.<init>(AuthServer.java:36)
	at org.l2j.authserver/org.l2j.authserver.AuthServer.main(AuthServer.java:62)
Caused by: com.mysql.cj.exceptions.UnableToConnectException: CLIENT_PLUGIN_AUTH is required
	at java.base/jdk.internal.reflect.NativeConstructorAccessorImpl.newInstance0(Native Method)
	at java.base/jdk.internal.reflect.NativeConstructorAccessorImpl.newInstance(NativeConstructorAccessorImpl.java:62)
	at java.base/jdk.internal.reflect.DelegatingConstructorAccessorImpl.newInstance(DelegatingConstructorAccessorImpl.java:45)
	at java.base/java.lang.reflect.Constructor.newInstanceWithCaller(Constructor.java:500)
	at java.base/java.lang.reflect.Constructor.newInstance(Constructor.java:481)
	at mysql.connector.java@8.0.15/com.mysql.cj.exceptions.ExceptionFactory.createException(ExceptionFactory.java:61)
	at mysql.connector.java@8.0.15/com.mysql.cj.exceptions.ExceptionFactory.createException(ExceptionFactory.java:85)
	at mysql.connector.java@8.0.15/com.mysql.cj.protocol.a.NativeAuthenticationProvider.connect(NativeAuthenticationProvider.java:205)
	at mysql.connector.java@8.0.15/com.mysql.cj.protocol.a.NativeProtocol.connect(NativeProtocol.java:1449)
	at mysql.connector.java@8.0.15/com.mysql.cj.NativeSession.connect(NativeSession.java:165)
	at mysql.connector.java@8.0.15/com.mysql.cj.jdbc.ConnectionImpl.connectOneTryOnly(ConnectionImpl.java:955)
	at mysql.connector.java@8.0.15/com.mysql.cj.jdbc.ConnectionImpl.createNewIO(ConnectionImpl.java:825)
	... 21 more
[INFO ][2019-04-09 15:01:03][HikariDataSource:<init>:80]: HikariPool-1 - Starting...
[ERROR][2019-04-09 15:01:03][HikariPool:throwPoolInitializationException:595]: HikariPool-1 - Exception during pool initialization.
java.sql.SQLNonTransientConnectionException: CLIENT_PLUGIN_AUTH is required
	at mysql.connector.java@8.0.15/com.mysql.cj.jdbc.exceptions.SQLError.createSQLException(SQLError.java:110)
	at mysql.connector.java@8.0.15/com.mysql.cj.jdbc.exceptions.SQLError.createSQLException(SQLError.java:97)
	at mysql.connector.java@8.0.15/com.mysql.cj.jdbc.exceptions.SQLError.createSQLException(SQLError.java:89)
	at mysql.connector.java@8.0.15/com.mysql.cj.jdbc.exceptions.SQLError.createSQLException(SQLError.java:63)
	at mysql.connector.java@8.0.15/com.mysql.cj.jdbc.exceptions.SQLError.createSQLException(SQLError.java:73)
	at mysql.connector.java@8.0.15/com.mysql.cj.jdbc.exceptions.SQLExceptionsMapping.translateException(SQLExceptionsMapping.java:79)
	at mysql.connector.java@8.0.15/com.mysql.cj.jdbc.ConnectionImpl.createNewIO(ConnectionImpl.java:835)
	at mysql.connector.java@8.0.15/com.mysql.cj.jdbc.ConnectionImpl.<init>(ConnectionImpl.java:455)
	at mysql.connector.java@8.0.15/com.mysql.cj.jdbc.ConnectionImpl.getInstance(ConnectionImpl.java:240)
	at mysql.connector.java@8.0.15/com.mysql.cj.jdbc.NonRegisteringDriver.connect(NonRegisteringDriver.java:199)
	at com.zaxxer.hikari@3.3.1/com.zaxxer.hikari.util.DriverDataSource.getConnection(DriverDataSource.java:121)
	at com.zaxxer.hikari@3.3.1/com.zaxxer.hikari.pool.PoolBase.newConnection(PoolBase.java:353)
	at com.zaxxer.hikari@3.3.1/com.zaxxer.hikari.pool.PoolBase.newPoolEntry(PoolBase.java:201)
	at com.zaxxer.hikari@3.3.1/com.zaxxer.hikari.pool.HikariPool.createPoolEntry(HikariPool.java:473)
	at com.zaxxer.hikari@3.3.1/com.zaxxer.hikari.pool.HikariPool.checkFailFast(HikariPool.java:562)
	at com.zaxxer.hikari@3.3.1/com.zaxxer.hikari.pool.HikariPool.<init>(HikariPool.java:115)
	at com.zaxxer.hikari@3.3.1/com.zaxxer.hikari.HikariDataSource.<init>(HikariDataSource.java:81)
	at org.l2j.commons/org.l2j.commons.database.DatabaseFactory.<init>(DatabaseFactory.java:20)
	at org.l2j.commons/org.l2j.commons.database.DatabaseFactory.getInstance(DatabaseFactory.java:35)
	at org.l2j.commons/org.l2j.commons.database.JDBCInvocation.invoke(JDBCInvocation.java:47)
	at jdk.proxy1/com.sun.proxy.jdk.proxy1.$Proxy25.findAll(Unknown Source)
	at org.l2j.authserver/org.l2j.authserver.controller.GameServerManager.loadRegisteredGameServers(GameServerManager.java:64)
	at org.l2j.authserver/org.l2j.authserver.controller.GameServerManager.load(GameServerManager.java:42)
	at org.l2j.authserver/org.l2j.authserver.controller.GameServerManager.<init>(GameServerManager.java:37)
	at org.l2j.authserver/org.l2j.authserver.controller.GameServerManager$Singleton.<clinit>(GameServerManager.java:138)
	at org.l2j.authserver/org.l2j.authserver.controller.GameServerManager.getInstance(GameServerManager.java:130)
	at org.l2j.authserver/org.l2j.authserver.AuthServer.<init>(AuthServer.java:36)
	at org.l2j.authserver/org.l2j.authserver.AuthServer.main(AuthServer.java:62)
Caused by: com.mysql.cj.exceptions.UnableToConnectException: CLIENT_PLUGIN_AUTH is required
	at java.base/jdk.internal.reflect.NativeConstructorAccessorImpl.newInstance0(Native Method)
	at java.base/jdk.internal.reflect.NativeConstructorAccessorImpl.newInstance(NativeConstructorAccessorImpl.java:62)
	at java.base/jdk.internal.reflect.DelegatingConstructorAccessorImpl.newInstance(DelegatingConstructorAccessorImpl.java:45)
	at java.base/java.lang.reflect.Constructor.newInstanceWithCaller(Constructor.java:500)
	at java.base/java.lang.reflect.Constructor.newInstance(Constructor.java:481)
	at mysql.connector.java@8.0.15/com.mysql.cj.exceptions.ExceptionFactory.createException(ExceptionFactory.java:61)
	at mysql.connector.java@8.0.15/com.mysql.cj.exceptions.ExceptionFactory.createException(ExceptionFactory.java:85)
	at mysql.connector.java@8.0.15/com.mysql.cj.protocol.a.NativeAuthenticationProvider.connect(NativeAuthenticationProvider.java:205)
	at mysql.connector.java@8.0.15/com.mysql.cj.protocol.a.NativeProtocol.connect(NativeProtocol.java:1449)
	at mysql.connector.java@8.0.15/com.mysql.cj.NativeSession.connect(NativeSession.java:165)
	at mysql.connector.java@8.0.15/com.mysql.cj.jdbc.ConnectionImpl.connectOneTryOnly(ConnectionImpl.java:955)
	at mysql.connector.java@8.0.15/com.mysql.cj.jdbc.ConnectionImpl.createNewIO(ConnectionImpl.java:825)
	... 21 more
[INFO ][2019-04-09 15:03:00][HikariDataSource:<init>:80]: HikariPool-1 - Starting...
[ERROR][2019-04-09 15:03:00][HikariPool:throwPoolInitializationException:595]: HikariPool-1 - Exception during pool initialization.
java.sql.SQLNonTransientConnectionException: CLIENT_PLUGIN_AUTH is required
	at mysql.connector.java@8.0.15/com.mysql.cj.jdbc.exceptions.SQLError.createSQLException(SQLError.java:110)
	at mysql.connector.java@8.0.15/com.mysql.cj.jdbc.exceptions.SQLError.createSQLException(SQLError.java:97)
	at mysql.connector.java@8.0.15/com.mysql.cj.jdbc.exceptions.SQLError.createSQLException(SQLError.java:89)
	at mysql.connector.java@8.0.15/com.mysql.cj.jdbc.exceptions.SQLError.createSQLException(SQLError.java:63)
	at mysql.connector.java@8.0.15/com.mysql.cj.jdbc.exceptions.SQLError.createSQLException(SQLError.java:73)
	at mysql.connector.java@8.0.15/com.mysql.cj.jdbc.exceptions.SQLExceptionsMapping.translateException(SQLExceptionsMapping.java:79)
	at mysql.connector.java@8.0.15/com.mysql.cj.jdbc.ConnectionImpl.createNewIO(ConnectionImpl.java:835)
	at mysql.connector.java@8.0.15/com.mysql.cj.jdbc.ConnectionImpl.<init>(ConnectionImpl.java:455)
	at mysql.connector.java@8.0.15/com.mysql.cj.jdbc.ConnectionImpl.getInstance(ConnectionImpl.java:240)
	at mysql.connector.java@8.0.15/com.mysql.cj.jdbc.NonRegisteringDriver.connect(NonRegisteringDriver.java:199)
	at com.zaxxer.hikari@3.3.1/com.zaxxer.hikari.util.DriverDataSource.getConnection(DriverDataSource.java:121)
	at com.zaxxer.hikari@3.3.1/com.zaxxer.hikari.pool.PoolBase.newConnection(PoolBase.java:353)
	at com.zaxxer.hikari@3.3.1/com.zaxxer.hikari.pool.PoolBase.newPoolEntry(PoolBase.java:201)
	at com.zaxxer.hikari@3.3.1/com.zaxxer.hikari.pool.HikariPool.createPoolEntry(HikariPool.java:473)
	at com.zaxxer.hikari@3.3.1/com.zaxxer.hikari.pool.HikariPool.checkFailFast(HikariPool.java:562)
	at com.zaxxer.hikari@3.3.1/com.zaxxer.hikari.pool.HikariPool.<init>(HikariPool.java:115)
	at com.zaxxer.hikari@3.3.1/com.zaxxer.hikari.HikariDataSource.<init>(HikariDataSource.java:81)
	at org.l2j.commons/org.l2j.commons.database.DatabaseFactory.<init>(DatabaseFactory.java:20)
	at org.l2j.commons/org.l2j.commons.database.DatabaseFactory.getInstance(DatabaseFactory.java:35)
	at org.l2j.commons/org.l2j.commons.database.JDBCInvocation.invoke(JDBCInvocation.java:47)
	at jdk.proxy1/com.sun.proxy.jdk.proxy1.$Proxy25.findAll(Unknown Source)
	at org.l2j.authserver/org.l2j.authserver.controller.GameServerManager.loadRegisteredGameServers(GameServerManager.java:64)
	at org.l2j.authserver/org.l2j.authserver.controller.GameServerManager.load(GameServerManager.java:42)
	at org.l2j.authserver/org.l2j.authserver.controller.GameServerManager.<init>(GameServerManager.java:37)
	at org.l2j.authserver/org.l2j.authserver.controller.GameServerManager$Singleton.<clinit>(GameServerManager.java:138)
	at org.l2j.authserver/org.l2j.authserver.controller.GameServerManager.getInstance(GameServerManager.java:130)
	at org.l2j.authserver/org.l2j.authserver.AuthServer.<init>(AuthServer.java:36)
	at org.l2j.authserver/org.l2j.authserver.AuthServer.main(AuthServer.java:62)
Caused by: com.mysql.cj.exceptions.UnableToConnectException: CLIENT_PLUGIN_AUTH is required
	at java.base/jdk.internal.reflect.NativeConstructorAccessorImpl.newInstance0(Native Method)
	at java.base/jdk.internal.reflect.NativeConstructorAccessorImpl.newInstance(NativeConstructorAccessorImpl.java:62)
	at java.base/jdk.internal.reflect.DelegatingConstructorAccessorImpl.newInstance(DelegatingConstructorAccessorImpl.java:45)
	at java.base/java.lang.reflect.Constructor.newInstanceWithCaller(Constructor.java:500)
	at java.base/java.lang.reflect.Constructor.newInstance(Constructor.java:481)
	at mysql.connector.java@8.0.15/com.mysql.cj.exceptions.ExceptionFactory.createException(ExceptionFactory.java:61)
	at mysql.connector.java@8.0.15/com.mysql.cj.exceptions.ExceptionFactory.createException(ExceptionFactory.java:85)
	at mysql.connector.java@8.0.15/com.mysql.cj.protocol.a.NativeAuthenticationProvider.connect(NativeAuthenticationProvider.java:205)
	at mysql.connector.java@8.0.15/com.mysql.cj.protocol.a.NativeProtocol.connect(NativeProtocol.java:1449)
	at mysql.connector.java@8.0.15/com.mysql.cj.NativeSession.connect(NativeSession.java:165)
	at mysql.connector.java@8.0.15/com.mysql.cj.jdbc.ConnectionImpl.connectOneTryOnly(ConnectionImpl.java:955)
	at mysql.connector.java@8.0.15/com.mysql.cj.jdbc.ConnectionImpl.createNewIO(ConnectionImpl.java:825)
	... 21 more
[INFO ][2019-04-09 15:03:35][HikariDataSource:<init>:80]: HikariPool-1 - Starting...
[ERROR][2019-04-09 15:03:35][HikariPool:throwPoolInitializationException:595]: HikariPool-1 - Exception during pool initialization.
java.sql.SQLNonTransientConnectionException: CLIENT_PLUGIN_AUTH is required
	at mysql.connector.java@8.0.15/com.mysql.cj.jdbc.exceptions.SQLError.createSQLException(SQLError.java:110)
	at mysql.connector.java@8.0.15/com.mysql.cj.jdbc.exceptions.SQLError.createSQLException(SQLError.java:97)
	at mysql.connector.java@8.0.15/com.mysql.cj.jdbc.exceptions.SQLError.createSQLException(SQLError.java:89)
	at mysql.connector.java@8.0.15/com.mysql.cj.jdbc.exceptions.SQLError.createSQLException(SQLError.java:63)
	at mysql.connector.java@8.0.15/com.mysql.cj.jdbc.exceptions.SQLError.createSQLException(SQLError.java:73)
	at mysql.connector.java@8.0.15/com.mysql.cj.jdbc.exceptions.SQLExceptionsMapping.translateException(SQLExceptionsMapping.java:79)
	at mysql.connector.java@8.0.15/com.mysql.cj.jdbc.ConnectionImpl.createNewIO(ConnectionImpl.java:835)
	at mysql.connector.java@8.0.15/com.mysql.cj.jdbc.ConnectionImpl.<init>(ConnectionImpl.java:455)
	at mysql.connector.java@8.0.15/com.mysql.cj.jdbc.ConnectionImpl.getInstance(ConnectionImpl.java:240)
	at mysql.connector.java@8.0.15/com.mysql.cj.jdbc.NonRegisteringDriver.connect(NonRegisteringDriver.java:199)
	at com.zaxxer.hikari@3.3.1/com.zaxxer.hikari.util.DriverDataSource.getConnection(DriverDataSource.java:121)
	at com.zaxxer.hikari@3.3.1/com.zaxxer.hikari.pool.PoolBase.newConnection(PoolBase.java:353)
	at com.zaxxer.hikari@3.3.1/com.zaxxer.hikari.pool.PoolBase.newPoolEntry(PoolBase.java:201)
	at com.zaxxer.hikari@3.3.1/com.zaxxer.hikari.pool.HikariPool.createPoolEntry(HikariPool.java:473)
	at com.zaxxer.hikari@3.3.1/com.zaxxer.hikari.pool.HikariPool.checkFailFast(HikariPool.java:562)
	at com.zaxxer.hikari@3.3.1/com.zaxxer.hikari.pool.HikariPool.<init>(HikariPool.java:115)
	at com.zaxxer.hikari@3.3.1/com.zaxxer.hikari.HikariDataSource.<init>(HikariDataSource.java:81)
	at org.l2j.commons/org.l2j.commons.database.DatabaseFactory.<init>(DatabaseFactory.java:20)
	at org.l2j.commons/org.l2j.commons.database.DatabaseFactory.getInstance(DatabaseFactory.java:35)
	at org.l2j.commons/org.l2j.commons.database.JDBCInvocation.invoke(JDBCInvocation.java:47)
	at jdk.proxy1/com.sun.proxy.jdk.proxy1.$Proxy25.findAll(Unknown Source)
	at org.l2j.authserver/org.l2j.authserver.controller.GameServerManager.loadRegisteredGameServers(GameServerManager.java:64)
	at org.l2j.authserver/org.l2j.authserver.controller.GameServerManager.load(GameServerManager.java:42)
	at org.l2j.authserver/org.l2j.authserver.controller.GameServerManager.<init>(GameServerManager.java:37)
	at org.l2j.authserver/org.l2j.authserver.controller.GameServerManager$Singleton.<clinit>(GameServerManager.java:138)
	at org.l2j.authserver/org.l2j.authserver.controller.GameServerManager.getInstance(GameServerManager.java:130)
	at org.l2j.authserver/org.l2j.authserver.AuthServer.<init>(AuthServer.java:36)
	at org.l2j.authserver/org.l2j.authserver.AuthServer.main(AuthServer.java:62)
Caused by: com.mysql.cj.exceptions.UnableToConnectException: CLIENT_PLUGIN_AUTH is required
	at java.base/jdk.internal.reflect.NativeConstructorAccessorImpl.newInstance0(Native Method)
	at java.base/jdk.internal.reflect.NativeConstructorAccessorImpl.newInstance(NativeConstructorAccessorImpl.java:62)
	at java.base/jdk.internal.reflect.DelegatingConstructorAccessorImpl.newInstance(DelegatingConstructorAccessorImpl.java:45)
	at java.base/java.lang.reflect.Constructor.newInstanceWithCaller(Constructor.java:500)
	at java.base/java.lang.reflect.Constructor.newInstance(Constructor.java:481)
	at mysql.connector.java@8.0.15/com.mysql.cj.exceptions.ExceptionFactory.createException(ExceptionFactory.java:61)
	at mysql.connector.java@8.0.15/com.mysql.cj.exceptions.ExceptionFactory.createException(ExceptionFactory.java:85)
	at mysql.connector.java@8.0.15/com.mysql.cj.protocol.a.NativeAuthenticationProvider.connect(NativeAuthenticationProvider.java:205)
	at mysql.connector.java@8.0.15/com.mysql.cj.protocol.a.NativeProtocol.connect(NativeProtocol.java:1449)
	at mysql.connector.java@8.0.15/com.mysql.cj.NativeSession.connect(NativeSession.java:165)
	at mysql.connector.java@8.0.15/com.mysql.cj.jdbc.ConnectionImpl.connectOneTryOnly(ConnectionImpl.java:955)
	at mysql.connector.java@8.0.15/com.mysql.cj.jdbc.ConnectionImpl.createNewIO(ConnectionImpl.java:825)
	... 21 more
[INFO ][2019-04-09 15:04:06][HikariDataSource:<init>:80]: HikariPool-1 - Starting...
[ERROR][2019-04-09 15:04:06][HikariPool:throwPoolInitializationException:595]: HikariPool-1 - Exception during pool initialization.
java.sql.SQLNonTransientConnectionException: CLIENT_PLUGIN_AUTH is required
	at mysql.connector.java@8.0.15/com.mysql.cj.jdbc.exceptions.SQLError.createSQLException(SQLError.java:110)
	at mysql.connector.java@8.0.15/com.mysql.cj.jdbc.exceptions.SQLError.createSQLException(SQLError.java:97)
	at mysql.connector.java@8.0.15/com.mysql.cj.jdbc.exceptions.SQLError.createSQLException(SQLError.java:89)
	at mysql.connector.java@8.0.15/com.mysql.cj.jdbc.exceptions.SQLError.createSQLException(SQLError.java:63)
	at mysql.connector.java@8.0.15/com.mysql.cj.jdbc.exceptions.SQLError.createSQLException(SQLError.java:73)
	at mysql.connector.java@8.0.15/com.mysql.cj.jdbc.exceptions.SQLExceptionsMapping.translateException(SQLExceptionsMapping.java:79)
	at mysql.connector.java@8.0.15/com.mysql.cj.jdbc.ConnectionImpl.createNewIO(ConnectionImpl.java:835)
	at mysql.connector.java@8.0.15/com.mysql.cj.jdbc.ConnectionImpl.<init>(ConnectionImpl.java:455)
	at mysql.connector.java@8.0.15/com.mysql.cj.jdbc.ConnectionImpl.getInstance(ConnectionImpl.java:240)
	at mysql.connector.java@8.0.15/com.mysql.cj.jdbc.NonRegisteringDriver.connect(NonRegisteringDriver.java:199)
	at com.zaxxer.hikari@3.3.1/com.zaxxer.hikari.util.DriverDataSource.getConnection(DriverDataSource.java:121)
	at com.zaxxer.hikari@3.3.1/com.zaxxer.hikari.pool.PoolBase.newConnection(PoolBase.java:353)
	at com.zaxxer.hikari@3.3.1/com.zaxxer.hikari.pool.PoolBase.newPoolEntry(PoolBase.java:201)
	at com.zaxxer.hikari@3.3.1/com.zaxxer.hikari.pool.HikariPool.createPoolEntry(HikariPool.java:473)
	at com.zaxxer.hikari@3.3.1/com.zaxxer.hikari.pool.HikariPool.checkFailFast(HikariPool.java:562)
	at com.zaxxer.hikari@3.3.1/com.zaxxer.hikari.pool.HikariPool.<init>(HikariPool.java:115)
	at com.zaxxer.hikari@3.3.1/com.zaxxer.hikari.HikariDataSource.<init>(HikariDataSource.java:81)
	at org.l2j.commons/org.l2j.commons.database.DatabaseFactory.<init>(DatabaseFactory.java:20)
	at org.l2j.commons/org.l2j.commons.database.DatabaseFactory.getInstance(DatabaseFactory.java:35)
	at org.l2j.commons/org.l2j.commons.database.JDBCInvocation.invoke(JDBCInvocation.java:47)
	at jdk.proxy1/com.sun.proxy.jdk.proxy1.$Proxy25.findAll(Unknown Source)
	at org.l2j.authserver/org.l2j.authserver.controller.GameServerManager.loadRegisteredGameServers(GameServerManager.java:64)
	at org.l2j.authserver/org.l2j.authserver.controller.GameServerManager.load(GameServerManager.java:42)
	at org.l2j.authserver/org.l2j.authserver.controller.GameServerManager.<init>(GameServerManager.java:37)
	at org.l2j.authserver/org.l2j.authserver.controller.GameServerManager$Singleton.<clinit>(GameServerManager.java:138)
	at org.l2j.authserver/org.l2j.authserver.controller.GameServerManager.getInstance(GameServerManager.java:130)
	at org.l2j.authserver/org.l2j.authserver.AuthServer.<init>(AuthServer.java:36)
	at org.l2j.authserver/org.l2j.authserver.AuthServer.main(AuthServer.java:62)
Caused by: com.mysql.cj.exceptions.UnableToConnectException: CLIENT_PLUGIN_AUTH is required
	at java.base/jdk.internal.reflect.NativeConstructorAccessorImpl.newInstance0(Native Method)
	at java.base/jdk.internal.reflect.NativeConstructorAccessorImpl.newInstance(NativeConstructorAccessorImpl.java:62)
	at java.base/jdk.internal.reflect.DelegatingConstructorAccessorImpl.newInstance(DelegatingConstructorAccessorImpl.java:45)
	at java.base/java.lang.reflect.Constructor.newInstanceWithCaller(Constructor.java:500)
	at java.base/java.lang.reflect.Constructor.newInstance(Constructor.java:481)
	at mysql.connector.java@8.0.15/com.mysql.cj.exceptions.ExceptionFactory.createException(ExceptionFactory.java:61)
	at mysql.connector.java@8.0.15/com.mysql.cj.exceptions.ExceptionFactory.createException(ExceptionFactory.java:85)
	at mysql.connector.java@8.0.15/com.mysql.cj.protocol.a.NativeAuthenticationProvider.connect(NativeAuthenticationProvider.java:205)
	at mysql.connector.java@8.0.15/com.mysql.cj.protocol.a.NativeProtocol.connect(NativeProtocol.java:1449)
	at mysql.connector.java@8.0.15/com.mysql.cj.NativeSession.connect(NativeSession.java:165)
	at mysql.connector.java@8.0.15/com.mysql.cj.jdbc.ConnectionImpl.connectOneTryOnly(ConnectionImpl.java:955)
	at mysql.connector.java@8.0.15/com.mysql.cj.jdbc.ConnectionImpl.createNewIO(ConnectionImpl.java:825)
	... 21 more
[INFO ][2019-04-09 15:04:25][HikariDataSource:<init>:80]: HikariPool-1 - Starting...
[ERROR][2019-04-09 15:04:25][HikariPool:throwPoolInitializationException:595]: HikariPool-1 - Exception during pool initialization.
java.sql.SQLNonTransientConnectionException: CLIENT_PLUGIN_AUTH is required
	at mysql.connector.java@8.0.15/com.mysql.cj.jdbc.exceptions.SQLError.createSQLException(SQLError.java:110)
	at mysql.connector.java@8.0.15/com.mysql.cj.jdbc.exceptions.SQLError.createSQLException(SQLError.java:97)
	at mysql.connector.java@8.0.15/com.mysql.cj.jdbc.exceptions.SQLError.createSQLException(SQLError.java:89)
	at mysql.connector.java@8.0.15/com.mysql.cj.jdbc.exceptions.SQLError.createSQLException(SQLError.java:63)
	at mysql.connector.java@8.0.15/com.mysql.cj.jdbc.exceptions.SQLError.createSQLException(SQLError.java:73)
	at mysql.connector.java@8.0.15/com.mysql.cj.jdbc.exceptions.SQLExceptionsMapping.translateException(SQLExceptionsMapping.java:79)
	at mysql.connector.java@8.0.15/com.mysql.cj.jdbc.ConnectionImpl.createNewIO(ConnectionImpl.java:835)
	at mysql.connector.java@8.0.15/com.mysql.cj.jdbc.ConnectionImpl.<init>(ConnectionImpl.java:455)
	at mysql.connector.java@8.0.15/com.mysql.cj.jdbc.ConnectionImpl.getInstance(ConnectionImpl.java:240)
	at mysql.connector.java@8.0.15/com.mysql.cj.jdbc.NonRegisteringDriver.connect(NonRegisteringDriver.java:199)
	at com.zaxxer.hikari@3.3.1/com.zaxxer.hikari.util.DriverDataSource.getConnection(DriverDataSource.java:121)
	at com.zaxxer.hikari@3.3.1/com.zaxxer.hikari.pool.PoolBase.newConnection(PoolBase.java:353)
	at com.zaxxer.hikari@3.3.1/com.zaxxer.hikari.pool.PoolBase.newPoolEntry(PoolBase.java:201)
	at com.zaxxer.hikari@3.3.1/com.zaxxer.hikari.pool.HikariPool.createPoolEntry(HikariPool.java:473)
	at com.zaxxer.hikari@3.3.1/com.zaxxer.hikari.pool.HikariPool.checkFailFast(HikariPool.java:562)
	at com.zaxxer.hikari@3.3.1/com.zaxxer.hikari.pool.HikariPool.<init>(HikariPool.java:115)
	at com.zaxxer.hikari@3.3.1/com.zaxxer.hikari.HikariDataSource.<init>(HikariDataSource.java:81)
	at org.l2j.commons/org.l2j.commons.database.DatabaseFactory.<init>(DatabaseFactory.java:20)
	at org.l2j.commons/org.l2j.commons.database.DatabaseFactory.getInstance(DatabaseFactory.java:35)
	at org.l2j.commons/org.l2j.commons.database.JDBCInvocation.invoke(JDBCInvocation.java:47)
	at jdk.proxy1/com.sun.proxy.jdk.proxy1.$Proxy25.findAll(Unknown Source)
	at org.l2j.authserver/org.l2j.authserver.controller.GameServerManager.loadRegisteredGameServers(GameServerManager.java:64)
	at org.l2j.authserver/org.l2j.authserver.controller.GameServerManager.load(GameServerManager.java:42)
	at org.l2j.authserver/org.l2j.authserver.controller.GameServerManager.<init>(GameServerManager.java:37)
	at org.l2j.authserver/org.l2j.authserver.controller.GameServerManager$Singleton.<clinit>(GameServerManager.java:138)
	at org.l2j.authserver/org.l2j.authserver.controller.GameServerManager.getInstance(GameServerManager.java:130)
	at org.l2j.authserver/org.l2j.authserver.AuthServer.<init>(AuthServer.java:36)
	at org.l2j.authserver/org.l2j.authserver.AuthServer.main(AuthServer.java:62)
Caused by: com.mysql.cj.exceptions.UnableToConnectException: CLIENT_PLUGIN_AUTH is required
	at java.base/jdk.internal.reflect.NativeConstructorAccessorImpl.newInstance0(Native Method)
	at java.base/jdk.internal.reflect.NativeConstructorAccessorImpl.newInstance(NativeConstructorAccessorImpl.java:62)
	at java.base/jdk.internal.reflect.DelegatingConstructorAccessorImpl.newInstance(DelegatingConstructorAccessorImpl.java:45)
	at java.base/java.lang.reflect.Constructor.newInstanceWithCaller(Constructor.java:500)
	at java.base/java.lang.reflect.Constructor.newInstance(Constructor.java:481)
	at mysql.connector.java@8.0.15/com.mysql.cj.exceptions.ExceptionFactory.createException(ExceptionFactory.java:61)
	at mysql.connector.java@8.0.15/com.mysql.cj.exceptions.ExceptionFactory.createException(ExceptionFactory.java:85)
	at mysql.connector.java@8.0.15/com.mysql.cj.protocol.a.NativeAuthenticationProvider.connect(NativeAuthenticationProvider.java:205)
	at mysql.connector.java@8.0.15/com.mysql.cj.protocol.a.NativeProtocol.connect(NativeProtocol.java:1449)
	at mysql.connector.java@8.0.15/com.mysql.cj.NativeSession.connect(NativeSession.java:165)
	at mysql.connector.java@8.0.15/com.mysql.cj.jdbc.ConnectionImpl.connectOneTryOnly(ConnectionImpl.java:955)
	at mysql.connector.java@8.0.15/com.mysql.cj.jdbc.ConnectionImpl.createNewIO(ConnectionImpl.java:825)
	... 21 more
[INFO ][2019-04-09 15:07:55][HikariDataSource:<init>:80]: HikariPool-1 - Starting...
[INFO ][2019-04-09 15:07:56][HikariDataSource:<init>:82]: HikariPool-1 - Start completed.
[INFO ][2019-04-09 15:08:12][HikariDataSource:<init>:80]: HikariPool-1 - Starting...
[INFO ][2019-04-09 15:08:12][HikariDataSource:<init>:82]: HikariPool-1 - Start completed.
